
--- 2026-07-04 18:51:53.407938 ---
Initializing wake word listener...
Energy threshold set to: 300
Wake word listener started. Say 'jarvis turn on' or 'jarvis wake up' to wake Jarvis.
[18:52:05.965108] Listen timeout, restarting loop...
[18:52:16.271128] Listen timeout, restarting loop...
[18:52:26.598309] Listen timeout, restarting loop...
[18:52:36.832062] Listen timeout, restarting loop...
[18:52:40.782687] Heard: jarvis wake up
Wake word detected! Launching Jarvis Console...
[18:55:25.311261] Listen timeout, restarting loop...
[18:55:35.524387] Listen timeout, restarting loop...
[18:55:45.730628] Listen timeout, restarting loop...
[18:55:55.965484] Listen timeout, restarting loop...
[18:56:06.515212] Listen timeout, restarting loop...

--- 2026-07-04 18:57:20.974556 ---
Initializing wake word listener...
Energy threshold set to: 300
Wake word listener started. Say 'jarvis turn on' or 'jarvis wake up' to wake Jarvis.
[18:57:31.718112] Heard: jarvis wake up
Wake word detected! Launching Jarvis Console...
[18:58:18.020244] Heard: wake up jarvis
Wake word detected! Launching Jarvis Console...
[18:59:48.534000] Heard: wake up jarvis
Wake word detected! Launching Jarvis Console...
[19:00:56.473020] Listen timeout, restarting loop...
[19:01:07.189024] Listen timeout, restarting loop...
[19:01:17.481557] Listen timeout, restarting loop...
[19:01:27.738552] Listen timeout, restarting loop...
[19:01:38.009807] Listen timeout, restarting loop...
[19:01:48.274014] Listen timeout, restarting loop...
[19:01:58.515083] Listen timeout, restarting loop...
[19:02:01.834768] Heard: wake up jarvis
Wake word detected! Launching Jarvis Console...
[19:02:26.287839] Listen timeout, restarting loop...
[19:02:36.672641] Listen timeout, restarting loop...
[19:02:46.925660] Listen timeout, restarting loop...
[19:02:57.148022] Listen timeout, restarting loop...
[19:03:07.372390] Listen timeout, restarting loop...
[19:03:17.654882] Listen timeout, restarting loop...
[19:03:27.927509] Listen timeout, restarting loop...
[19:03:38.231298] Listen timeout, restarting loop...
[19:03:44.671039] Speech was unintelligible
[19:03:48.188531] Heard: pura world activate ho gaya
[19:03:59.495117] Heard: gaming wallpaper
[19:04:05.859063] Heard: welcome bhai
[19:04:15.705061] Heard: koi naval ka natak
[19:04:21.770715] Heard: are lala
[19:04:30.151492] Heard: ja ja
[19:04:36.855075] Heard: bolkar pura online ka pura automatic kar diya usko vah dikhaya tha tere ko jarvis
Wake word detected! Launching Jarvis Console...
[19:04:57.154443] Listen timeout, restarting loop...
[19:05:05.288355] Heard: maja a gaya hai isase achcha wala rasta nahin banaya bhai
[19:05:08.445238] Heard: voice assistant till date
[19:05:21.402433] Heard: ranjan aaj bahut gali sunaya jaega nahin shayad
[19:05:31.211402] Heard: pata nahin bhai aaj bahut jyada gali suna hai aaj rishi alex
[19:05:38.177230] Heard: pahla message
[19:05:45.134260] Heard: tumhara dimag kharab hai
[19:05:51.972640] Heard: main alexa laga life mein alexa
[19:05:57.601923] Heard: 14 round
[19:06:01.521878] Heard: to rishi kapoor lag gaya
[19:06:08.170179] Heard: 21 february background
[19:06:14.305980] Heard: dusra match fir chalu kiya theek hai next match
[19:06:21.839732] Heard: next match wapas chalu kiya to isko pahle lock nahin karega to theek hai na lena
[19:06:31.758198] Heard: vah main bhi bahut ganda film
[19:06:34.689763] Heard: dena kuchh bhi karke
[19:06:42.700321] Heard: tabhi song video bhai rishi ka dimag kiska rishi
[19:06:47.004682] Heard: gali diya hai nonstop
[19:06:53.867362] Heard: policybazaar
[19:06:58.160872] Heard: chup ho gaya to gussa bhi ho gaya tha bahut jyada
[19:07:05.429902] Heard: are bahut gali de diye
[19:07:11.733590] Heard: bus bus bus bus nahin lauda chup hi nahin ho raha hai
[19:07:15.596875] Speech was unintelligible
[19:07:20.520983] Heard: wake up jarvis
Wake word detected! Launching Jarvis Console...
[19:08:03.678791] Heard: main tagada hai bhai tagada banaa diya
[19:08:14.471293] Listen timeout, restarting loop...
[19:08:25.733612] Listen timeout, restarting loop...
[19:08:36.787535] Listen timeout, restarting loop...
[19:08:47.604485] Listen timeout, restarting loop...
[19:08:58.581122] Listen timeout, restarting loop...
[19:09:09.099821] Listen timeout, restarting loop...
[19:09:19.648113] Listen timeout, restarting loop...
[19:09:30.206283] Listen timeout, restarting loop...
[19:09:40.792357] Listen timeout, restarting loop...
[19:09:51.311802] Listen timeout, restarting loop...
[19:10:01.583289] Listen timeout, restarting loop...
[19:10:11.850026] Listen timeout, restarting loop...
[19:10:22.333784] Listen timeout, restarting loop...
[19:10:27.615013] Heard: sahiwal tere ko apne pc mein yah wala
[19:10:37.968710] Listen timeout, restarting loop...
[19:10:48.275368] Listen timeout, restarting loop...
[19:10:58.582040] Listen timeout, restarting loop...
[19:11:09.171731] Listen timeout, restarting loop...
[19:11:19.473205] Listen timeout, restarting loop...
[19:11:29.729291] Listen timeout, restarting loop...
[19:11:39.985714] Listen timeout, restarting loop...
[19:11:50.275655] Listen timeout, restarting loop...
[19:12:04.216498] Heard: jarvis
Wake word detected! Launching Jarvis Console...
[19:12:24.800739] Listen timeout, restarting loop...
[19:12:35.274461] Listen timeout, restarting loop...
[19:12:45.762261] Listen timeout, restarting loop...
[19:12:53.662569] Speech was unintelligible
[19:12:57.439015] Speech was unintelligible
[19:13:03.391156] Heard: bike karke dekh le
[19:13:07.779097] Heard: nahin khata nahin hai
[19:13:13.766105] Heard: episode dikhaiye
[19:13:23.376064] Heard: kya alexa ka alexa ka baap hai yah
[19:13:30.801888] Heard: bhosdi wala sala
[19:13:37.878780] Heard: nahin nahin aap kholna bhi nahin hai
[19:13:44.765532] Heard: han to bus aaega man le tere ko karvana on theek hai tu bolega
[19:13:49.136007] Heard: ho jaega fir tere ko jo bolega vah karega
[19:14:00.092720] Heard: vah vah nahin lagaega nahin loade
[19:14:10.188050] Heard: are madrachod kar sakta
[19:14:18.103683] Heard: ruk ja ruk ja kar deta hun
[19:14:22.721141] Heard: karke deta tere ko
[19:14:25.519360] Heard: jarvis wake up
Wake word detected! Launching Jarvis Console...
[19:14:40.055776] Speech was unintelligible
[19:14:51.885597] Heard: tu mutthi mare madrachod
[19:15:02.485906] Heard: are yaar mere ko bura lag raha bata abhi tak loan ke liye bura lag raha hai rone ko bahut badhiya hai
[19:15:11.743340] Speech was unintelligible
[19:15:16.716356] Heard: bahut jyada nikal aaya hai
[19:15:29.417360] Heard: are yaar start hua hai aur kuchh nahin
[19:15:37.367561] Heard: nahin aaya nahin aaya abhi tak
[19:15:47.750394] Listen timeout, restarting loop...
[19:15:55.358206] Speech was unintelligible
[19:16:00.215310] Heard: ghar chala ja uske ghar chala ja ghar chala ja
[19:16:04.935836] Heard: kota ka sidha kar diya dekh
[19:16:16.388863] Speech was unintelligible
[19:16:20.402599] Speech was unintelligible
[19:16:27.321676] Heard: are bhai pahle koi chhodi nahin raha tha ek
[19:16:34.267793] Heard: chup kar ja bus bahut bol diya chup kar ja loade nahin sun raha rishi bhai
[19:16:46.092386] Heard: kela
[19:16:52.742723] Speech was unintelligible
[19:16:59.697712] Heard: jo gali aaya hai
[19:17:03.273958] Speech was unintelligible
[19:17:06.867626] Speech was unintelligible
[19:17:14.609630] Heard: ranjan ka number de mere ko mere ko call karta hun
[19:17:21.108038] Heard: mere ko number dena call kar to dekhta uthata hai ki nahin
[19:17:27.269767] Speech was unintelligible
[19:17:36.649688] Heard: uthata hai ki nahin
[19:17:48.966576] Heard: mobile number ko call karo
[19:17:59.390495] Listen timeout, restarting loop...
[19:18:09.830552] Listen timeout, restarting loop...
[19:18:15.284506] Heard: new 18000 gand mara tu
[19:18:28.377396] Heard: de de number de number de number dena call karta unknown number se
[19:18:35.477740] Speech was unintelligible
[19:18:45.725810] Listen timeout, restarting loop...
[19:18:51.077935] Speech was unintelligible
[19:18:59.612224] Speech was unintelligible
[19:19:09.997744] Listen timeout, restarting loop...
[19:19:19.193583] Heard: amarpura ke karya kahan gaya
[19:19:26.884272] Speech was unintelligible
[19:19:31.421987] Speech was unintelligible
[19:19:34.245743] Speech was unintelligible
[19:19:42.800203] Heard: gand masti kar raha tha theek hai main bhi achcha
[19:19:50.016262] Heard: theek hai bad madam
[19:19:56.760012] Speech was unintelligible
[19:20:05.132854] Heard: naresh ka sach batana kuchh jaaye theek hai ham donon
[19:20:11.926178] Heard: bahut ganda khel raha tha theek hai
[19:20:16.387877] Heard: main dusra smartphone bata theek hai
[19:20:23.546856] Heard: mera pura whatsapp pura kah rahi kya main second hand rishi
[19:20:30.892565] Heard: 26 mai 22 ls bhai aur
[19:20:35.444600] Heard: jo khana iska rishika
[19:20:42.970656] Heard: gand maar diya iska yaar bura lag raha mere ko bahut bura lag raha hai
[19:20:52.997449] Speech was unintelligible
[19:20:55.991692] Speech was unintelligible
[19:21:04.890087] Heard: uske bad nahin hai yaar yah kuchh nahin bolata pata pahle bus
[19:21:13.163299] Heard: hello csc khelne baat
[19:21:16.718507] Heard: to receive ko chhod deta
[19:21:23.256148] Speech was unintelligible
[19:21:26.454360] Speech was unintelligible
[19:21:36.833706] Listen timeout, restarting loop...
[19:21:48.744916] Heard: naya wala movie dekhna hai mere ko jo akshy kumar ka aaya na
[19:21:59.141527] Listen timeout, restarting loop...
[19:22:09.556987] Listen timeout, restarting loop...
[19:22:19.942699] Listen timeout, restarting loop...
[19:22:29.168113] Heard: saturday college kaun sa hota hai gandu
[19:22:34.431769] Speech was unintelligible
[19:22:44.832141] Listen timeout, restarting loop...
[19:22:53.656362] Heard: generally hai dua sanson mein ham
[19:22:59.163222] Speech was unintelligible
[19:23:06.740739] Heard: are hello main to bata raha tha usko bhai
[19:23:13.931505] Speech was unintelligible
[19:23:20.892201] Heard: are bhai kuchh khane ka order kar dena account mein mera
[19:23:28.974270] Speech was unintelligible
[19:23:31.803970] Speech was unintelligible
[19:23:40.989587] Heard: kya hua hai jindagi kitna jhand hai
[19:23:48.106027] Heard: vishwakarma camera
[19:23:53.459462] Speech was unintelligible
[19:24:03.757046] Listen timeout, restarting loop...
[19:24:14.060079] Listen timeout, restarting loop...
[19:24:24.365028] Listen timeout, restarting loop...
[19:24:34.679489] Listen timeout, restarting loop...
[19:24:39.425760] Heard: pagal
[19:24:49.831190] Listen timeout, restarting loop...
[19:25:00.185093] Listen timeout, restarting loop...
[19:25:10.613395] Listen timeout, restarting loop...
[19:25:16.672552] Heard: jarvis wake up
Wake word detected! Launching Jarvis Console...
[19:25:42.094033] Heard: ek software banaya tha theek hai pura naya operating system banaya main
[19:25:46.278161] Speech was unintelligible
[19:25:49.407966] Speech was unintelligible
[19:25:59.699497] Listen timeout, restarting loop...
[19:26:10.017950] Listen timeout, restarting loop...
[19:26:15.204469] Heard: tera maar khatm hua re lauda
[19:26:25.121073] Speech was unintelligible
[19:26:29.329058] Heard: suicide kar liya
[19:26:39.181993] Speech was unintelligible
